WARNING:django.request:Bad Request: /api/save-face/
WARNING:django.request:Bad Request: /api/save-face/
INFO:django.utils.autoreload:/home/raccnt21/Documents/coconut/Absen/ApiAbsen/views.py changed, reloading.
INFO:django.utils.autoreload:/home/raccnt21/Documents/coconut/Absen/ApiAbsen/views.py changed, reloading.
INFO:django.utils.autoreload:/home/raccnt21/Documents/coconut/Absen/ApiAbsen/views.py changed, reloading.
INFO:django.utils.autoreload:/home/raccnt21/Documents/coconut/Absen/ApiAbsen/views.py changed, reloading.
ERROR:root:Save face error: 'str' object is not callable
WARNING:django.request:Bad Request: /api/save-face/
INFO:django.utils.autoreload:/home/raccnt21/Documents/coconut/Absen/ApiAbsen/views.py changed, reloading.
ERROR:root:Save face error: 'str' object is not callable
WARNING:django.request:Bad Request: /api/save-face/
INFO:django.utils.autoreload:/home/raccnt21/Documents/coconut/Absen/ApiAbsen/views.py changed, reloading.
INFO:django.utils.autoreload:/home/raccnt21/Documents/coconut/Absen/ApiAbsen/views.py changed, reloading.
INFO:django.utils.autoreload:/home/raccnt21/Documents/coconut/Absen/ApiAbsen/views.py changed, reloading.
ERROR:root:Save face error: 'str' object is not callable
WARNING:django.request:Bad Request: /api/save-face/
INFO:django.utils.autoreload:/home/raccnt21/Documents/coconut/Absen/ApiAbsen/views.py changed, reloading.
ERROR:root:Save face error: 'str' object is not callable
WARNING:django.request:Bad Request: /api/save-face/
INFO:django.utils.autoreload:/home/raccnt21/Documents/coconut/Absen/ApiAbsen/views.py changed, reloading.
ERROR:root:Save face error: 'str' object is not callable
WARNING:django.request:Bad Request: /api/save-face/
INFO:django.utils.autoreload:/home/raccnt21/Documents/coconut/Absen/ApiAbsen/views.py changed, reloading.
INFO:django.utils.autoreload:/home/raccnt21/Documents/coconut/Absen/ApiAbsen/views.py changed, reloading.
WARNING:django.request:Bad Request: /api/save-face/
INFO:django.utils.autoreload:/home/raccnt21/Documents/coconut/Absen/ApiAbsen/views.py changed, reloading.
WARNING:django.request:Bad Request: /api/save-face/
INFO:django.utils.autoreload:/home/raccnt21/Documents/coconut/Absen/ApiAbsen/views.py changed, reloading.
INFO:django.utils.autoreload:/home/raccnt21/Documents/coconut/Absen/ApiAbsen/views.py changed, reloading.
INFO:django.utils.autoreload:/home/raccnt21/Documents/coconut/Absen/ApiAbsen/views.py changed, reloading.
INFO:django.utils.autoreload:/home/raccnt21/Documents/coconut/Absen/ApiAbsen/views.py changed, reloading.
INFO:root:Trained: Resky Agus from /home/raccnt21/Documents/coconut/Absen/media/faces/Resky Agus/Resky Agus_1.jpg
INFO:root:Trained: Resky Agus from /home/raccnt21/Documents/coconut/Absen/media/faces/Resky Agus/Resky Agus_2.jpg
INFO:root:Recognized: Resky Agus, Distance: 0.3756605192657403
WARNING:django.request:Not Found: /favicon.ico
